<?xml version="1.0" encoding="UTF-8"?>
<!-- Generated by org.testng.reporters.JUnitReportReporter -->
<testsuite hostname="SOOMIN-SAC-217" failures="0" tests="2" name="wdTestNG.FedBankKorea" time="4.141" errors="0" timestamp="03 Sep 2022 17:31:38 GMT" skipped="0">
  <testcase classname="wdTestNG.FedBankKorea" name="NegativeTest" time="1.457"/>
  <testcase classname="wdTestNG.FedBankKorea" name="PositiveTest" time="2.684"/>
</testsuite> <!-- wdTestNG.FedBankKorea -->
