<?xml version="1.0" encoding="UTF-8"?>
<!-- Generated by org.testng.reporters.JUnitReportReporter -->
<testsuite hostname="SOOMIN-SAC-217" failures="0" tests="2" name="wdTestNG.SimplilearnLoginTest" time="11.730" errors="0" timestamp="02 Sep 2022 18:27:00 GMT" skipped="0">
  <testcase classname="wdTestNG.SimplilearnLoginTest" name="PositiveTest" time="5.326"/>
  <testcase classname="wdTestNG.SimplilearnLoginTest" name="NegativeTest" time="6.404"/>
</testsuite> <!-- wdTestNG.SimplilearnLoginTest -->
